<?xml version="1.0" encoding="UTF-8"?>
<!-- Generated by org.testng.reporters.JUnitXMLReporter -->
<testsuite ignored="0" hostname="DESKTOP-KDORLVJ" failures="0" tests="4" name="UserTest" time="12.316" errors="0" timestamp="2023-03-23T21:45:49 IST">
  <testcase classname="api.test.UserTests2" name="testPostUser" time="4.379"/>
  <testcase classname="api.test.UserTests2" name="testGetuserByName" time="1.526"/>
  <testcase classname="api.test.UserTests2" name="testUpdateUserByName" time="3.049"/>
  <testcase classname="api.test.UserTests2" name="testDeleteByName" time="1.588"/>
</testsuite> <!-- UserTest -->
