<?xml version="1.0" encoding="UTF-8"?>
<!-- Generated by org.testng.reporters.JUnitXMLReporter -->
<testsuite ignored="0" hostname="DESKTOP-KDORLVJ" failures="0" tests="8" name="Default test" time="22.131" errors="0" timestamp="2023-03-23T17:57:21 IST">
  <testcase classname="api.test.DataDrivenTests" name="testPostUser" time="4.27"/>
  <testcase classname="api.test.DataDrivenTests" name="testPostUser" time="1.856"/>
  <testcase classname="api.test.DataDrivenTests" name="testPostUser" time="2.206"/>
  <testcase classname="api.test.DataDrivenTests" name="testPostUser" time="2.235"/>
  <testcase classname="api.test.DataDrivenTests" name="testDeleteByUserName" time="2.78"/>
  <testcase classname="api.test.DataDrivenTests" name="testDeleteByUserName" time="2.235"/>
  <testcase classname="api.test.DataDrivenTests" name="testDeleteByUserName" time="2.232"/>
  <testcase classname="api.test.DataDrivenTests" name="testDeleteByUserName" time="2.389"/>
</testsuite> <!-- Default test -->
