<?xml version="1.0" encoding="UTF-8"?>
<testng-results ignored="0" total="4" passed="4" failed="0" skipped="0">
  <reporter-output>
  </reporter-output>
  <suite started-at="2023-03-26T00:40:13 IST" name="PetSuit" finished-at="2023-03-26T00:40:25 IST" duration-ms="11593">
    <groups>
    </groups>
    <test started-at="2023-03-26T00:40:13 IST" name="UserTest" finished-at="2023-03-26T00:40:25 IST" duration-ms="11593">
      <class name="api.test.UserTests2">
        <test-method is-config="true" signature="setUp()[pri:0, instance:api.test.UserTests2@3967e60c]" started-at="2023-03-26T00:40:14 IST" name="setUp" finished-at="2023-03-26T00:40:15 IST" duration-ms="957" status="PASS">
          <reporter-output>
          </reporter-output>
        </test-method> <!-- setUp -->
        <test-method signature="testPostUser()[pri:1, instance:api.test.UserTests2@3967e60c]" started-at="2023-03-26T00:40:15 IST" name="testPostUser" finished-at="2023-03-26T00:40:19 IST" duration-ms="4092" status="PASS">
          <reporter-output>
          </reporter-output>
        </test-method> <!-- testPostUser -->
        <test-method signature="testGetuserByName()[pri:2, instance:api.test.UserTests2@3967e60c]" started-at="2023-03-26T00:40:19 IST" name="testGetuserByName" finished-at="2023-03-26T00:40:20 IST" duration-ms="1546" status="PASS">
          <reporter-output>
          </reporter-output>
        </test-method> <!-- testGetuserByName -->
        <test-method signature="testUpdateUserByName()[pri:3, instance:api.test.UserTests2@3967e60c]" started-at="2023-03-26T00:40:20 IST" name="testUpdateUserByName" finished-at="2023-03-26T00:40:23 IST" duration-ms="3014" status="PASS">
          <reporter-output>
          </reporter-output>
        </test-method> <!-- testUpdateUserByName -->
        <test-method signature="testDeleteByName()[pri:4, instance:api.test.UserTests2@3967e60c]" started-at="2023-03-26T00:40:23 IST" name="testDeleteByName" finished-at="2023-03-26T00:40:25 IST" duration-ms="1592" status="PASS">
          <reporter-output>
          </reporter-output>
        </test-method> <!-- testDeleteByName -->
      </class> <!-- api.test.UserTests2 -->
    </test> <!-- UserTest -->
  </suite> <!-- PetSuit -->
</testng-results>
