<?xml version="1.0" encoding="UTF-8"?>
<testsuite xmlns:xsi="http://www.w3.org/2001/XMLSchema-instance" xsi:schemaLocation="https://maven.apache.org/surefire/maven-surefire-plugin/xsd/surefire-test-report.xsd" name="TestSuite" time="12.723" tests="4" errors="0" skipped="0" failures="0">
  <properties>
[...]
</properties>
  <testcase name="testPostUser" classname="api.test.UserTests2" time="4.118"/>
  <testcase name="testGetuserByName" classname="api.test.UserTests2" time="1.504"/>
  <testcase name="testUpdateUserByName" classname="api.test.UserTests2" time="3.064"/>
  <testcase name="testDeleteByName" classname="api.test.UserTests2" time="1.537"/>
</testsuite>