<?xml version="1.0" encoding="UTF-8"?>
<!-- Generated by org.testng.reporters.JUnitXMLReporter -->
<testsuite ignored="0" hostname="DESKTOP-KDORLVJ" failures="0" tests="4" name="UserTest" time="11.593" errors="0" timestamp="2023-03-26T00:40:25 IST">
  <testcase classname="api.test.UserTests2" name="testPostUser" time="4.092"/>
  <testcase classname="api.test.UserTests2" name="testGetuserByName" time="1.546"/>
  <testcase classname="api.test.UserTests2" name="testUpdateUserByName" time="3.014"/>
  <testcase classname="api.test.UserTests2" name="testDeleteByName" time="1.592"/>
</testsuite> <!-- UserTest -->
