<?xml version="1.0" encoding="UTF-8"?>
<!-- Generated by org.testng.reporters.JUnitXMLReporter -->
<testsuite ignored="0" hostname="DESKTOP-KDORLVJ" failures="0" tests="4" name="UserTest" time="10.957" errors="0" timestamp="2023-03-25T20:40:47 IST">
  <testcase classname="api.test.UserTests2" name="testPostUser" time="3.721"/>
  <testcase classname="api.test.UserTests2" name="testGetuserByName" time="1.504"/>
  <testcase classname="api.test.UserTests2" name="testUpdateUserByName" time="2.936"/>
  <testcase classname="api.test.UserTests2" name="testDeleteByName" time="1.502"/>
</testsuite> <!-- UserTest -->
