<?xml version="1.0" encoding="UTF-8"?>
<testng-results ignored="0" total="4" passed="4" failed="0" skipped="0">
  <reporter-output>
  </reporter-output>
  <suite started-at="2023-03-23T21:45:36 IST" name="PetSuit" finished-at="2023-03-23T21:45:48 IST" duration-ms="12316">
    <groups>
    </groups>
    <test started-at="2023-03-23T21:45:36 IST" name="UserTest" finished-at="2023-03-23T21:45:48 IST" duration-ms="12316">
      <class name="api.test.UserTests2">
        <test-method is-config="true" signature="setUp()[pri:0, instance:api.test.UserTests2@70e9c95d]" started-at="2023-03-23T21:45:36 IST" name="setUp" finished-at="2023-03-23T21:45:38 IST" duration-ms="1266" status="PASS">
          <reporter-output>
          </reporter-output>
        </test-method> <!-- setUp -->
        <test-method signature="testPostUser()[pri:1, instance:api.test.UserTests2@70e9c95d]" started-at="2023-03-23T21:45:38 IST" name="testPostUser" finished-at="2023-03-23T21:45:42 IST" duration-ms="4379" status="PASS">
          <reporter-output>
          </reporter-output>
        </test-method> <!-- testPostUser -->
        <test-method signature="testGetuserByName()[pri:2, instance:api.test.UserTests2@70e9c95d]" started-at="2023-03-23T21:45:42 IST" name="testGetuserByName" finished-at="2023-03-23T21:45:44 IST" duration-ms="1526" status="PASS">
          <reporter-output>
          </reporter-output>
        </test-method> <!-- testGetuserByName -->
        <test-method signature="testUpdateUserByName()[pri:3, instance:api.test.UserTests2@70e9c95d]" started-at="2023-03-23T21:45:44 IST" name="testUpdateUserByName" finished-at="2023-03-23T21:45:47 IST" duration-ms="3049" status="PASS">
          <reporter-output>
          </reporter-output>
        </test-method> <!-- testUpdateUserByName -->
        <test-method signature="testDeleteByName()[pri:4, instance:api.test.UserTests2@70e9c95d]" started-at="2023-03-23T21:45:47 IST" name="testDeleteByName" finished-at="2023-03-23T21:45:48 IST" duration-ms="1588" status="PASS">
          <reporter-output>
          </reporter-output>
        </test-method> <!-- testDeleteByName -->
      </class> <!-- api.test.UserTests2 -->
    </test> <!-- UserTest -->
  </suite> <!-- PetSuit -->
</testng-results>
